<?xml version="1.0" encoding="UTF-8"?>
<!-- Generated by org.testng.reporters.JUnitReportReporter -->
<testsuite hostname="Keshav-Surface" failures="0" tests="3" name="com.testsuite.TestOne" time="37.972" errors="0" timestamp="2023-07-30T13:19:23 IST" skipped="0">
  <testcase classname="com.testsuite.TestOne" name="UserAccessCreation" time="13.477"/>
  <testcase classname="com.testsuite.TestOne" name="UserAccessCreation" time="11.401"/>
  <testcase classname="com.testsuite.TestOne" name="UserAccessCreation" time="13.094"/>
</testsuite> <!-- com.testsuite.TestOne -->
